[26-08-2023 12:19:41, ERROR signInController.js | postSignIn(): TypeError: userModel.save is not a function]
[26-08-2023 12:20:21, ERROR signInController.js | postSignIn(): Error [ERR_HTTP_HEADERS_SENT]: Cannot set headers after they are sent to the client]
[26-08-2023 13:25:55, ERROR signInController.js | postSignIn(): TypeError [ERR_HTTP_INVALID_HEADER_VALUE]: Invalid value "undefined" for header "auth-token"]
[26-08-2023 13:26:32, ERROR signInController.js | postSignIn(): Error [ERR_HTTP_HEADERS_SENT]: Cannot set headers after they are sent to the client]
[04-09-2023 22:22:48, ERROR signInController.js | postSignIn(): ReferenceError: result is not defined]
[04-09-2023 22:25:05, ERROR signInController.js | postSignIn(): ReferenceError: result is not defined]
[04-09-2023 22:25:35, ERROR signInController.js | postSignIn(): ReferenceError: result is not defined]
[04-09-2023 22:25:57, ERROR signInController.js | postSignIn(): ReferenceError: result is not defined]
[04-09-2023 22:26:43, ERROR signInController.js | postSignIn(): ReferenceError: result is not defined]
[04-09-2023 22:27:37, ERROR signInController.js | postSignIn(): ReferenceError: result is not defined]
[04-09-2023 22:27:53, ERROR signInController.js | postSignIn(): ReferenceError: result is not defined]
[04-09-2023 22:29:17, ERROR signInController.js | postSignIn(): ReferenceError: result is not defined]
[04-09-2023 22:29:49, ERROR signInController.js | postSignIn(): ValidationError: "deliveryAddress" must be an array]
[04-09-2023 22:30:29, ERROR signInController.js | postSignIn(): ValidationError: "deliveryAddress" must be an array]
[04-09-2023 22:30:51, ERROR signInController.js | postSignIn(): ValidationError: "deliveryAddress" must be an array]
[04-09-2023 22:31:26, ERROR signInController.js | postSignIn(): ValidationError: "phone" must be an array]
[04-09-2023 22:35:14, ERROR signInController.js | postSignIn(): ValidationError: "username" length must be at least 6 characters long]
[04-09-2023 22:36:26, ERROR signInController.js | postSignIn(): ReferenceError: result is not defined]
[04-09-2023 22:37:06, ERROR signInController.js | postSignIn(): ReferenceError: result is not defined]
[04-09-2023 22:37:30, ERROR signInController.js | postSignIn(): ReferenceError: result is not defined]
[04-09-2023 22:37:57, ERROR signInController.js | postSignIn(): ValidationError: username: El nombre de usuario no debe tener menos de 6 caracteres]
[04-09-2023 22:38:51, ERROR signInController.js | postSignIn(): ValidationError: username: El nombre de usuario no debe tener menos de 6 caracteres]
[04-09-2023 22:40:57, ERROR signInController.js | postSignIn(): ValidationError: "username" length must be at least 6 characters long]
[04-09-2023 22:44:35, ERROR signInController.js | postSignIn(): TypeError: result.error.includes is not a function]
[04-09-2023 22:46:19, ERROR signInController.js | postSignIn(): ValidationError: "username" length must be at least 6 characters long]
[04-09-2023 22:49:34, ERROR signInController.js | postSignIn(): ValidationError: "username" length must be at least 6 characters long]
[04-09-2023 22:50:17, ERROR signInController.js | postSignIn(): ValidationError: "username" length must be at least 6 characters long]
[04-09-2023 22:51:02, ERROR signInController.js | postSignIn(): ValidationError: "username" length must be at least 6 characters long]
[04-09-2023 22:51:22, ERROR signInController.js | postSignIn(): ValidationError: "username" length must be at least 6 characters long]
[04-09-2023 22:51:43, ERROR signInController.js | postSignIn(): ValidationError: "username" length must be at least 6 characters long]
[04-09-2023 22:51:51, ERROR signInController.js | postSignIn(): ValidationError: "username" length must be at least 6 characters long]
[04-09-2023 23:11:02, ERROR signInController.js | postSignIn(): ValidationError: El nombre de usuario no debe tener menos de 6 caracteres]
[04-09-2023 23:11:31, ERROR signInController.js | postSignIn(): ValidationError: El nombre de usuario no debe tener menos de 6 caracteres]
[04-09-2023 23:12:42, ERROR signInController.js | postSignIn(): ValidationError: El nombre de usuario no debe tener menos de 6 caracteres]
[04-09-2023 23:13:15, ERROR signInController.js | postSignIn(): ValidationError: El nombre de usuario no debe tener menos de 6 caracteres]
[04-09-2023 23:14:19, ERROR signInController.js | postSignIn(): ValidationError: El nombre de usuario no debe tener menos de 6 caracteres]
[04-09-2023 23:15:20, ERROR signInController.js | postSignIn(): ValidationError: El nombre de usuario no debe tener menos de 6 caracteres]
[04-09-2023 23:15:35, ERROR signInController.js | postSignIn(): ValidationError: El nombre de usuario no debe tener menos de 6 caracteres]
[04-09-2023 23:16:13, ERROR signInController.js | postSignIn(): ValidationError: El nombre de usuario no debe tener menos de 6 caracteres]
[04-09-2023 23:16:46, ERROR signInController.js | postSignIn(): ValidationError: El nombre de usuario no debe tener menos de 6 caracteres]
[04-09-2023 23:21:39, ERROR signInController.js | postSignIn(): ValidationError: El nombre de usuario no debe tener menos de 6 caracteres]
[04-09-2023 23:22:17, ERROR signInController.js | postSignIn(): TypeError [ERR_HTTP_INVALID_HEADER_VALUE]: Invalid value "undefined" for header "auth-token"]
[04-09-2023 23:25:19, ERROR signInController.js | postSignIn(): undefined]
[04-09-2023 23:25:44, ERROR signInController.js | postSignIn(): El nombre de usuario no debe tener menos de 6 caracteres]
[04-09-2023 23:28:15, ERROR signInController.js | postSignIn(): El nombre de usuario no debe tener menos de 6 caracteres]
[04-09-2023 23:28:22, ERROR signInController.js | postSignIn(): TypeError: Cannot read properties of undefined (reading 'message')]
[04-09-2023 23:28:47, ERROR signInController.js | postSignIn(): TypeError: Cannot read properties of undefined (reading 'message')]
[04-09-2023 23:29:07, ERROR signInController.js | postSignIn(): TypeError: Cannot read properties of undefined (reading 'message')]
[04-09-2023 23:29:31, ERROR signInController.js | postSignIn(): TypeError: Cannot read properties of undefined (reading 'message')]
[04-09-2023 23:32:01, ERROR signInController.js | postSignIn(): TypeError: Cannot read properties of undefined (reading 'message')]
[04-09-2023 23:32:18, ERROR signInController.js | postSignIn(): TypeError: Cannot read properties of undefined (reading 'message')]
[04-09-2023 23:32:32, ERROR signInController.js | postSignIn(): La contraseña no debe tener menos de 6 caracteres]
[04-09-2023 23:33:05, ERROR signInController.js | postSignIn(): La contraseña no debe tener menos de 6 caracteres]
[04-09-2023 23:38:25, ERROR signInController.js | postSignIn(): Debe ingresar un nombre de usuario]
[04-09-2023 23:38:36, ERROR signInController.js | postSignIn(): Debe ingresar un nombre de usuario]
[04-09-2023 23:38:53, ERROR signInController.js | postSignIn(): nombre de usuario requerido]
[04-09-2023 23:47:40, ERROR signInController.js | postSignIn(): Debe ingresar una edad]
[04-09-2023 23:47:54, ERROR signInController.js | postSignIn(): Debe ingresar una edad]
[04-09-2023 23:48:16, ERROR signInController.js | postSignIn(): Debe ingresar una edad]
[04-09-2023 23:48:28, ERROR signInController.js | postSignIn(): Debe ingresar una edad]
[04-09-2023 23:49:01, ERROR signInController.js | postSignIn(): El nombre de usuario no debe tener menos de 6 caracteres]
[04-09-2023 23:54:16, ERROR signInController.js | postSignIn(): Debe ingresar una edad]
[04-09-2023 23:54:37, ERROR signInController.js | postSignIn(): "age" is required]
[04-09-2023 23:58:33, ERROR signInController.js | postSignIn(): Debe ingresar una edad]
[04-09-2023 23:58:49, ERROR signInController.js | postSignIn(): Debe ingresar una edad]
[04-09-2023 23:59:03, ERROR signInController.js | postSignIn(): Debe ingresar una edad]
[05-09-2023 00:03:17, ERROR signInController.js | postSignIn(): Debe ingresar una edad]
[05-09-2023 00:03:43, ERROR signInController.js | postSignIn(): "age" is required]
[05-09-2023 00:07:29, ERROR signInController.js | postSignIn(): "age" is required]
[05-09-2023 00:08:00, ERROR signInController.js | postSignIn(): "age" must be larger than or equal to 18]
[05-09-2023 00:08:26, ERROR signInController.js | postSignIn(): No puede ser menor a 18]
[05-09-2023 00:08:33, ERROR signInController.js | postSignIn(): No puede ser mayor a 70]
[05-09-2023 00:08:39, ERROR signInController.js | postSignIn(): No puede ser mayor a 70]
[05-09-2023 00:08:47, ERROR signInController.js | postSignIn(): No puede ser mayor a 70]
[05-09-2023 00:08:58, ERROR signInController.js | postSignIn(): La edad debe ser un número]
[05-09-2023 00:09:06, ERROR signInController.js | postSignIn(): La edad debe ser un número]
[05-09-2023 00:09:13, ERROR signInController.js | postSignIn(): Debe ingresar una edad]
[05-09-2023 00:09:47, ERROR signInController.js | postSignIn(): No puede ser menor a 18]
[05-09-2023 00:09:54, ERROR signInController.js | postSignIn(): TRIM]
[05-09-2023 00:11:47, ERROR signInController.js | postSignIn(): Debe ingresar un nombre de usuario]
[06-09-2023 00:32:15, ERROR signInController.js | postSignIn(): No puede ser menor a 18]
[06-09-2023 00:34:04, ERROR signInController.js | postSignIn(): No puede ser menor a 18]
[06-09-2023 00:34:25, ERROR signInController.js | postSignIn(): No puede ser menor a 18]
[06-09-2023 11:39:22, ERROR userController.js | updateImageUser(): ReferenceError: Cannot access 'status' before initialization]
[06-09-2023 11:40:23, ERROR userController.js | updateImageUser(): ReferenceError: Cannot access 'status' before initialization]
[06-09-2023 11:40:43, ERROR userController.js | updateImageUser(): ReferenceError: Cannot access 'status' before initialization]
[06-09-2023 11:42:35, ERROR userController.js | updateImageUser(): ReferenceError: Cannot access 'status' before initialization]
[06-09-2023 11:42:48, ERROR userController.js | updateImageUser(): ReferenceError: Cannot access 'status' before initialization]
[06-09-2023 11:43:21, ERROR userController.js | updateImageUser(): ReferenceError: status is not defined]
[06-09-2023 11:43:56, ERROR userController.js | updateImageUser(): ReferenceError: finalStatus is not defined]
[06-09-2023 11:44:21, ERROR userController.js | updateImageUser(): ReferenceError: Cannot access 'error' before initialization]
[06-09-2023 11:46:46, ERROR userController.js | updateImageUser(): ValidationError: El user Id debe contener 24 caracteres]
[06-09-2023 11:47:42, ERROR userController.js | updateImageUser(): El user Id debe contener 24 caracteres]
